<?xml version="1.0" encoding="UTF-8"?>
<testsuite xmlns:xsi="http://www.w3.org/2001/XMLSchema-instance" xsi:noNamespaceSchemaLocation="https://maven.apache.org/surefire/maven-surefire-plugin/xsd/surefire-test-report.xsd" version="3.0.1" name="fr.saejava.TestCommande" time="0.017" tests="2" errors="0" skipped="0" failures="0">
  <properties>
[...]
</properties>
  <testcase name="testAjout" classname="fr.saejava.TestCommande" time="0.006"/>
  <testcase name="TestCommander" classname="fr.saejava.TestCommande" time="0.008">
    <system-out><![CDATA[le magasinmag1possède{a0=4, b0=2, c0=0}
]]></system-out>
  </testcase>
</testsuite>